1534985021634	geckodriver	INFO	geckodriver 0.21.0
1534985021645	geckodriver	INFO	Listening on 127.0.0.1:61654
1534985024684	mozrunner::runner	INFO	Running command: "C:\\Program Files\\Mozilla Firefox\\firefox.exe" "-marionette" "-foreground" "-no-remote" "-profile" "C:\\Users\\11\\AppData\\Local\\Temp\\rust_mozprofile.sUdqPVyG9GTn"
1534985025139	addons.manager	DEBUG	Application has been upgraded
1534985025158	addons.manager	DEBUG	Loaded provider scope for resource://gre/modules/addons/XPIProvider.jsm: ["XPIProvider", "XPIInternal"]
1534985025160	addons.manager	DEBUG	Loaded provider scope for resource://gre/modules/LightweightThemeManager.jsm: ["LightweightThemeManager"]
1534985025179	addons.manager	DEBUG	Loaded provider scope for resource://gre/modules/addons/GMPProvider.jsm
1534985025180	addons.manager	DEBUG	Loaded provider scope for resource://gre/modules/addons/PluginProvider.jsm
1534985025181	addons.manager	DEBUG	Starting provider: XPIProvider
1534985025181	addons.xpi	DEBUG	startup
1534985025181	addons.xpi	INFO	SystemAddonInstallLocation directory is missing
1534985025191	addons.xpi	INFO	Removing all system add-on upgrades.
1534985025191	addons.xpi	DEBUG	checkForChanges
1534985025192	addons.xpi	DEBUG	Loaded add-on state: ${}
1534985025193	addons.xpi	DEBUG	New add-on activity-stream@mozilla.org in app-system-defaults
1534985025196	addons.xpi	DEBUG	New add-on aushelper@mozilla.org in app-system-defaults
1534985025197	addons.xpi	DEBUG	New add-on firefox@getpocket.com in app-system-defaults
1534985025198	addons.xpi	DEBUG	New add-on followonsearch@mozilla.com in app-system-defaults
1534985025199	addons.xpi	DEBUG	New add-on formautofill@mozilla.org in app-system-defaults
1534985025200	addons.xpi	DEBUG	New add-on onboarding@mozilla.org in app-system-defaults
1534985025200	addons.xpi	DEBUG	New add-on screenshots@mozilla.org in app-system-defaults
1534985025201	addons.xpi	DEBUG	New add-on webcompat-reporter@mozilla.org in app-system-defaults
1534985025201	addons.xpi	DEBUG	New add-on webcompat@mozilla.org in app-system-defaults
1534985025202	addons.xpi	DEBUG	getInstallState changed: true, state: {}
1534985025209	addons.xpi-utils	DEBUG	Opening XPI database C:\Users\11\AppData\Local\Temp\rust_mozprofile.sUdqPVyG9GTn\extensions.json
1534985025209	addons.xpi-utils	DEBUG	New add-on activity-stream@mozilla.org installed in app-system-defaults
*** Blocklist::_preloadBlocklistFile: blocklist is disabled
1534985025500	addons.xpi-utils	DEBUG	New add-on aushelper@mozilla.org installed in app-system-defaults
1534985025510	addons.xpi-utils	DEBUG	New add-on firefox@getpocket.com installed in app-system-defaults
1534985025531	addons.xpi-utils	DEBUG	New add-on followonsearch@mozilla.com installed in app-system-defaults
1534985025543	addons.xpi-utils	DEBUG	New add-on formautofill@mozilla.org installed in app-system-defaults
1534985025572	addons.xpi-utils	DEBUG	XPI Database saved, setting schema version preference to 26
1534985025576	addons.xpi-utils	DEBUG	New add-on onboarding@mozilla.org installed in app-system-defaults
1534985025595	addons.xpi-utils	DEBUG	New add-on screenshots@mozilla.org installed in app-system-defaults
1534985025607	addons.xpi-utils	DEBUG	New add-on webcompat-reporter@mozilla.org installed in app-system-defaults
1534985025618	addons.xpi-utils	DEBUG	New add-on webcompat@mozilla.org installed in app-system-defaults
1534985025746	addons.manager	DEBUG	Registering startup change 'installed' for activity-stream@mozilla.org
1534985025752	addons.xpi	DEBUG	Loading bootstrap scope from C:\Program Files\Mozilla Firefox\browser\features\activity-stream@mozilla.org.xpi
1534985025755	addons.xpi	DEBUG	Calling bootstrap method install on activity-stream@mozilla.org version 2018.06.29.1026-fa231556
1534985025755	addons.xpi-utils	DEBUG	Make addon app-system-defaults:activity-stream@mozilla.org visible
1534985025755	addons.xpi	DEBUG	Updating XPIState for {"id":"activity-stream@mozilla.org","syncGUID":"{8ec7c284-1be7-4f40-a8be-f4d16576d108}","location":"app-system-defaults","version":"2018.06.29.1026-fa231556","type":"extension","updateURL":null,"optionsURL":null,"optionsType":null,"aboutURL":null,"defaultLocale":{"name":"Activity Stream","description":"A rich visual history feed and a reimagined home page make it easier than ever to find exactly what you're looking for in Firefox.","creator":null,"homepageURL":null},"visible":true,"active":false,"userDisabled":false,"appDisabled":false,"installDate":1530705468851,"updateDate":1530705468851,"applyBackgroundUpdates":1,"bootstrap":true,"path":"C:\\Program Files\\Mozilla Firefox\\browser\\features\\activity-stream@mozilla.org.xpi","skinnable":false,"size":2732420,"sourceURI":null,"releaseNotesURI":null,"softDisabled":false,"foreignInstall":false,"strictCompatibility":false,"locales":[],"targetApplications":[{"id":"{ec8030f7-c20a-464f-9b0e-13a3a9e97384}","minVersion":"61.0.1","maxVersion":"61.*"}],"targetPlatforms":[],"seen":true,"dependencies":[],"hasEmbeddedWebExtension":false,"userPermissions":null,"icons":{},"iconURL":null,"icon64URL":null,"blocklistState":0,"blocklistURL":null,"startupData":null}
1534985025756	addons.manager	DEBUG	Registering startup change 'installed' for aushelper@mozilla.org
1534985025756	addons.xpi	DEBUG	Loading bootstrap scope from C:\Program Files\Mozilla Firefox\browser\features\aushelper@mozilla.org.xpi
1534985025758	addons.xpi	DEBUG	Calling bootstrap method install on aushelper@mozilla.org version 2.0
1534985025758	addons.xpi-utils	DEBUG	Make addon app-system-defaults:aushelper@mozilla.org visible
1534985025758	addons.xpi	DEBUG	Updating XPIState for {"id":"aushelper@mozilla.org","syncGUID":"{51519a3e-2e72-45e4-863f-1cd9f4c5cdfe}","location":"app-system-defaults","version":"2.0","type":"extension","updateURL":null,"optionsURL":null,"optionsType":null,"aboutURL":null,"defaultLocale":{"name":"Application Update Service Helper","description":"Sets value(s) in the update url based on custom checks.","creator":null,"homepageURL":null},"visible":true,"active":false,"userDisabled":false,"appDisabled":false,"installDate":1530705468851,"updateDate":1530705468851,"applyBackgroundUpdates":1,"bootstrap":true,"path":"C:\\Program Files\\Mozilla Firefox\\browser\\features\\aushelper@mozilla.org.xpi","skinnable":false,"size":8425,"sourceURI":null,"releaseNotesURI":null,"softDisabled":false,"foreignInstall":false,"strictCompatibility":false,"locales":[],"targetApplications":[{"id":"{ec8030f7-c20a-464f-9b0e-13a3a9e97384}","minVersion":"61.0.1","maxVersion":"61.*"}],"targetPlatforms":[],"seen":true,"dependencies":[],"hasEmbeddedWebExtension":false,"userPermissions":null,"icons":{},"iconURL":null,"icon64URL":null,"blocklistState":0,"blocklistURL":null,"startupData":null}
1534985025759	addons.manager	DEBUG	Registering startup change 'installed' for firefox@getpocket.com
1534985025759	addons.xpi	DEBUG	Loading bootstrap scope from C:\Program Files\Mozilla Firefox\browser\features\firefox@getpocket.com.xpi
1534985025763	addons.xpi	DEBUG	Calling bootstrap method install on firefox@getpocket.com version 1.0.5
1534985025763	addons.xpi-utils	DEBUG	Make addon app-system-defaults:firefox@getpocket.com visible
1534985025763	addons.xpi	DEBUG	Updating XPIState for {"id":"firefox@getpocket.com","syncGUID":"{fafa7a97-941e-431d-9b25-9dedcb5557c2}","location":"app-system-defaults","version":"1.0.5","type":"extension","updateURL":null,"optionsURL":null,"optionsType":null,"aboutURL":null,"defaultLocale":{"name":"Pocket","description":"When you find something you want to view later, put it in Pocket.","creator":null,"homepageURL":null},"visible":true,"active":false,"userDisabled":false,"appDisabled":false,"installDate":1530705468856,"updateDate":1530705468856,"applyBackgroundUpdates":1,"bootstrap":true,"path":"C:\\Program Files\\Mozilla Firefox\\browser\\features\\firefox@getpocket.com.xpi","skinnable":false,"size":855890,"sourceURI":null,"releaseNotesURI":null,"softDisabled":false,"foreignInstall":false,"strictCompatibility":false,"locales":[],"targetApplications":[{"id":"{ec8030f7-c20a-464f-9b0e-13a3a9e97384}","minVersion":"61.0.1","maxVersion":"61.*"}],"targetPlatforms":[],"seen":true,"dependencies":[],"hasEmbeddedWebExtension":false,"userPermissions":null,"icons":{},"iconURL":null,"icon64URL":null,"blocklistState":0,"blocklistURL":null,"startupData":null}
1534985025763	addons.manager	DEBUG	Registering startup change 'installed' for followonsearch@mozilla.com
1534985025763	addons.xpi	DEBUG	Loading bootstrap scope from C:\Program Files\Mozilla Firefox\browser\features\followonsearch@mozilla.com.xpi
1534985025765	addons.xpi	DEBUG	Calling bootstrap method install on followonsearch@mozilla.com version 0.9.7
1534985025765	addons.xpi-utils	DEBUG	Make addon app-system-defaults:followonsearch@mozilla.com visible
1534985025766	addons.xpi	DEBUG	Updating XPIState for {"id":"followonsearch@mozilla.com","syncGUID":"{9a650ded-1a25-4da8-8da6-b3a2475cd962}","location":"app-system-defaults","version":"0.9.7","type":"extension","updateURL":null,"optionsURL":null,"optionsType":null,"aboutURL":null,"defaultLocale":{"name":"Follow-on Search Telemetry","description":null,"creator":null,"homepageURL":null},"visible":true,"active":false,"userDisabled":false,"appDisabled":false,"installDate":1530705468857,"updateDate":1530705468857,"applyBackgroundUpdates":1,"bootstrap":true,"path":"C:\\Program Files\\Mozilla Firefox\\browser\\features\\followonsearch@mozilla.com.xpi","skinnable":false,"size":17903,"sourceURI":null,"releaseNotesURI":null,"softDisabled":false,"foreignInstall":false,"strictCompatibility":false,"locales":[],"targetApplications":[{"id":"{ec8030f7-c20a-464f-9b0e-13a3a9e97384}","minVersion":"52.0","maxVersion":"66.*"}],"targetPlatforms":[],"seen":true,"dependencies":[],"hasEmbeddedWebExtension":false,"userPermissions":null,"icons":{},"iconURL":null,"icon64URL":null,"blocklistState":0,"blocklistURL":null,"startupData":null}
1534985025766	addons.manager	DEBUG	Registering startup change 'installed' for formautofill@mozilla.org
1534985025766	addons.xpi	DEBUG	Loading bootstrap scope from C:\Program Files\Mozilla Firefox\browser\features\formautofill@mozilla.org.xpi
1534985025768	addons.xpi	DEBUG	Calling bootstrap method install on formautofill@mozilla.org version 1.0
1534985025768	addons.xpi-utils	DEBUG	Make addon app-system-defaults:formautofill@mozilla.org visible
1534985025768	addons.xpi	DEBUG	Updating XPIState for {"id":"formautofill@mozilla.org","syncGUID":"{fc62eff6-864f-46b5-bb56-9fbde9b05e8f}","location":"app-system-defaults","version":"1.0","type":"extension","updateURL":null,"optionsURL":null,"optionsType":null,"aboutURL":null,"defaultLocale":{"name":"Form Autofill","description":"Autofill forms with saved profiles","creator":null,"homepageURL":null},"visible":true,"active":false,"userDisabled":false,"appDisabled":false,"installDate":1530705468862,"updateDate":1530705468862,"applyBackgroundUpdates":1,"bootstrap":true,"path":"C:\\Program Files\\Mozilla Firefox\\browser\\features\\formautofill@mozilla.org.xpi","skinnable":false,"size":465038,"sourceURI":null,"releaseNotesURI":null,"softDisabled":false,"foreignInstall":false,"strictCompatibility":false,"locales":[],"targetApplications":[{"id":"{ec8030f7-c20a-464f-9b0e-13a3a9e97384}","minVersion":"61.0.1","maxVersion":"61.*"}],"targetPlatforms":[],"seen":true,"dependencies":[],"hasEmbeddedWebExtension":false,"userPermissions":null,"icons":{},"iconURL":null,"icon64URL":null,"blocklistState":0,"blocklistURL":null,"startupData":null}
1534985025769	addons.manager	DEBUG	Registering startup change 'installed' for onboarding@mozilla.org
1534985025769	addons.xpi	DEBUG	Loading bootstrap scope from C:\Program Files\Mozilla Firefox\browser\features\onboarding@mozilla.org.xpi
1534985025771	addons.xpi	DEBUG	Calling bootstrap method install on onboarding@mozilla.org version 1.0
1534985025772	addons.xpi-utils	DEBUG	Make addon app-system-defaults:onboarding@mozilla.org visible
1534985025772	addons.xpi	DEBUG	Updating XPIState for {"id":"onboarding@mozilla.org","syncGUID":"{6ecce3f1-0c53-472a-87dc-dfc6800ef7c0}","location":"app-system-defaults","version":"1.0","type":"extension","updateURL":null,"optionsURL":null,"optionsType":null,"aboutURL":null,"defaultLocale":{"name":"Photon onboarding","description":"Photon onboarding","creator":null,"homepageURL":null},"visible":true,"active":false,"userDisabled":false,"appDisabled":false,"installDate":1530705468866,"updateDate":1530705468866,"applyBackgroundUpdates":1,"bootstrap":true,"path":"C:\\Program Files\\Mozilla Firefox\\browser\\features\\onboarding@mozilla.org.xpi","skinnable":false,"size":564185,"sourceURI":null,"releaseNotesURI":null,"softDisabled":false,"foreignInstall":false,"strictCompatibility":false,"locales":[],"targetApplications":[{"id":"{ec8030f7-c20a-464f-9b0e-13a3a9e97384}","minVersion":"61.0.1","maxVersion":"61.*"}],"targetPlatforms":[],"seen":true,"dependencies":[],"hasEmbeddedWebExtension":false,"userPermissions":null,"icons":{},"iconURL":null,"icon64URL":null,"blocklistState":0,"blocklistURL":null,"startupData":null}
1534985025772	addons.manager	DEBUG	Registering startup change 'installed' for screenshots@mozilla.org
1534985025772	addons.xpi	DEBUG	Loading bootstrap scope from C:\Program Files\Mozilla Firefox\browser\features\screenshots@mozilla.org.xpi
1534985025775	addons.xpi	DEBUG	Calling bootstrap method install on screenshots@mozilla.org version 32.1.0
1534985025775	addons.xpi-utils	DEBUG	Make addon app-system-defaults:screenshots@mozilla.org visible
1534985025775	addons.xpi	DEBUG	Updating XPIState for {"id":"screenshots@mozilla.org","syncGUID":"{7c59994a-3ed4-4f9a-acb3-b9fd60ff1fa9}","location":"app-system-defaults","version":"32.1.0","type":"extension","updateURL":null,"optionsURL":null,"optionsType":null,"aboutURL":null,"defaultLocale":{"name":"Firefox Screenshots","description":null,"creator":null,"homepageURL":"https://screenshots.firefox.com/"},"visible":true,"active":false,"userDisabled":false,"appDisabled":false,"installDate":1530705468873,"updateDate":1530705468873,"applyBackgroundUpdates":1,"bootstrap":true,"path":"C:\\Program Files\\Mozilla Firefox\\browser\\features\\screenshots@mozilla.org.xpi","skinnable":false,"size":1002421,"sourceURI":null,"releaseNotesURI":null,"softDisabled":false,"foreignInstall":false,"strictCompatibility":false,"locales":[],"targetApplications":[{"id":"{ec8030f7-c20a-464f-9b0e-13a3a9e97384}","minVersion":"57.0a1","maxVersion":"*"}],"targetPlatforms":[],"seen":true,"dependencies":[],"hasEmbeddedWebExtension":false,"userPermissions":null,"icons":{},"iconURL":null,"icon64URL":null,"blocklistState":0,"blocklistURL":null,"startupData":null}
1534985025776	addons.manager	DEBUG	Registering startup change 'installed' for webcompat-reporter@mozilla.org
1534985025776	addons.xpi	DEBUG	Loading bootstrap scope from C:\Program Files\Mozilla Firefox\browser\features\webcompat-reporter@mozilla.org.xpi
1534985025777	addons.xpi	DEBUG	Calling bootstrap method install on webcompat-reporter@mozilla.org version 1.0.0
1534985025777	addons.xpi-utils	DEBUG	Make addon app-system-defaults:webcompat-reporter@mozilla.org visible
1534985025777	addons.xpi	DEBUG	Updating XPIState for {"id":"webcompat-reporter@mozilla.org","syncGUID":"{24597607-7e0e-4553-9ed2-d596f767e19d}","location":"app-system-defaults","version":"1.0.0","type":"extension","updateURL":null,"optionsURL":null,"optionsType":null,"aboutURL":null,"defaultLocale":{"name":"WebCompat Reporter","description":"Report site compatibility issues on webcompat.com.","creator":null,"homepageURL":null},"visible":true,"active":false,"userDisabled":false,"appDisabled":false,"installDate":1530705468873,"updateDate":1530705468873,"applyBackgroundUpdates":1,"bootstrap":true,"path":"C:\\Program Files\\Mozilla Firefox\\browser\\features\\webcompat-reporter@mozilla.org.xpi","skinnable":false,"size":12706,"sourceURI":null,"releaseNotesURI":null,"softDisabled":false,"foreignInstall":false,"strictCompatibility":false,"locales":[],"targetApplications":[{"id":"{ec8030f7-c20a-464f-9b0e-13a3a9e97384}","minVersion":"61.0.1","maxVersion":"61.*"}],"targetPlatforms":[],"seen":true,"dependencies":[],"hasEmbeddedWebExtension":false,"userPermissions":null,"icons":{},"iconURL":null,"icon64URL":null,"blocklistState":0,"blocklistURL":null,"startupData":null}
1534985025778	addons.manager	DEBUG	Registering startup change 'installed' for webcompat@mozilla.org
1534985025778	addons.xpi	DEBUG	Loading bootstrap scope from C:\Program Files\Mozilla Firefox\browser\features\webcompat@mozilla.org.xpi
1534985025780	addons.xpi	DEBUG	Calling bootstrap method install on webcompat@mozilla.org version 2.0
1534985025780	addons.xpi-utils	DEBUG	Make addon app-system-defaults:webcompat@mozilla.org visible
1534985025780	addons.xpi	DEBUG	Updating XPIState for {"id":"webcompat@mozilla.org","syncGUID":"{dceb9c0b-0f9d-4587-9986-e58c2829ffee}","location":"app-system-defaults","version":"2.0","type":"extension","updateURL":null,"optionsURL":null,"optionsType":null,"aboutURL":null,"defaultLocale":{"name":"Web Compat","description":"Urgent post-release fixes for web compatibility.","creator":null,"homepageURL":null},"visible":true,"active":false,"userDisabled":false,"appDisabled":false,"installDate":1530705468874,"updateDate":1530705468874,"applyBackgroundUpdates":1,"bootstrap":true,"path":"C:\\Program Files\\Mozilla Firefox\\browser\\features\\webcompat@mozilla.org.xpi","skinnable":false,"size":13138,"sourceURI":null,"releaseNotesURI":null,"softDisabled":false,"foreignInstall":false,"strictCompatibility":false,"locales":[],"targetApplications":[{"id":"{ec8030f7-c20a-464f-9b0e-13a3a9e97384}","minVersion":"61.0.1","maxVersion":"61.*"},{"id":"{aa3c5121-dab2-40e2-81ca-7ea25febc110}","minVersion":"61.0.1","maxVersion":"61.*"}],"targetPlatforms":[],"seen":true,"dependencies":[],"hasEmbeddedWebExtension":true,"userPermissions":null,"icons":{},"iconURL":null,"icon64URL":null,"blocklistState":0,"blocklistURL":null,"startupData":null}
1534985025780	addons.xpi	DEBUG	Updating XPIState for {"id":"activity-stream@mozilla.org","syncGUID":"{8ec7c284-1be7-4f40-a8be-f4d16576d108}","location":"app-system-defaults","version":"2018.06.29.1026-fa231556","type":"extension","updateURL":null,"optionsURL":null,"optionsType":null,"aboutURL":null,"defaultLocale":{"name":"Activity Stream","description":"A rich visual history feed and a reimagined home page make it easier than ever to find exactly what you're looking for in Firefox.","creator":null,"homepageURL":null},"visible":true,"active":true,"userDisabled":false,"appDisabled":false,"installDate":1530705468851,"updateDate":1530705468851,"applyBackgroundUpdates":1,"bootstrap":true,"path":"C:\\Program Files\\Mozilla Firefox\\browser\\features\\activity-stream@mozilla.org.xpi","skinnable":false,"size":2732420,"sourceURI":null,"releaseNotesURI":null,"softDisabled":false,"foreignInstall":false,"strictCompatibility":false,"locales":[],"targetApplications":[{"id":"{ec8030f7-c20a-464f-9b0e-13a3a9e97384}","minVersion":"61.0.1","maxVersion":"61.*"}],"targetPlatforms":[],"seen":true,"dependencies":[],"hasEmbeddedWebExtension":false,"userPermissions":null,"icons":{},"iconURL":null,"icon64URL":null,"blocklistState":0,"blocklistURL":null,"startupData":null}
1534985025780	addons.xpi	DEBUG	Updating XPIState for {"id":"aushelper@mozilla.org","syncGUID":"{51519a3e-2e72-45e4-863f-1cd9f4c5cdfe}","location":"app-system-defaults","version":"2.0","type":"extension","updateURL":null,"optionsURL":null,"optionsType":null,"aboutURL":null,"defaultLocale":{"name":"Application Update Service Helper","description":"Sets value(s) in the update url based on custom checks.","creator":null,"homepageURL":null},"visible":true,"active":true,"userDisabled":false,"appDisabled":false,"installDate":1530705468851,"updateDate":1530705468851,"applyBackgroundUpdates":1,"bootstrap":true,"path":"C:\\Program Files\\Mozilla Firefox\\browser\\features\\aushelper@mozilla.org.xpi","skinnable":false,"size":8425,"sourceURI":null,"releaseNotesURI":null,"softDisabled":false,"foreignInstall":false,"strictCompatibility":false,"locales":[],"targetApplications":[{"id":"{ec8030f7-c20a-464f-9b0e-13a3a9e97384}","minVersion":"61.0.1","maxVersion":"61.*"}],"targetPlatforms":[],"seen":true,"dependencies":[],"hasEmbeddedWebExtension":false,"userPermissions":null,"icons":{},"iconURL":null,"icon64URL":null,"blocklistState":0,"blocklistURL":null,"startupData":null}
1534985025780	addons.xpi	DEBUG	Updating XPIState for {"id":"firefox@getpocket.com","syncGUID":"{fafa7a97-941e-431d-9b25-9dedcb5557c2}","location":"app-system-defaults","version":"1.0.5","type":"extension","updateURL":null,"optionsURL":null,"optionsType":null,"aboutURL":null,"defaultLocale":{"name":"Pocket","description":"When you find something you want to view later, put it in Pocket.","creator":null,"homepageURL":null},"visible":true,"active":true,"userDisabled":false,"appDisabled":false,"installDate":1530705468856,"updateDate":1530705468856,"applyBackgroundUpdates":1,"bootstrap":true,"path":"C:\\Program Files\\Mozilla Firefox\\browser\\features\\firefox@getpocket.com.xpi","skinnable":false,"size":855890,"sourceURI":null,"releaseNotesURI":null,"softDisabled":false,"foreignInstall":false,"strictCompatibility":false,"locales":[],"targetApplications":[{"id":"{ec8030f7-c20a-464f-9b0e-13a3a9e97384}","minVersion":"61.0.1","maxVersion":"61.*"}],"targetPlatforms":[],"seen":true,"dependencies":[],"hasEmbeddedWebExtension":false,"userPermissions":null,"icons":{},"iconURL":null,"icon64URL":null,"blocklistState":0,"blocklistURL":null,"startupData":null}
1534985025780	addons.xpi	DEBUG	Updating XPIState for {"id":"followonsearch@mozilla.com","syncGUID":"{9a650ded-1a25-4da8-8da6-b3a2475cd962}","location":"app-system-defaults","version":"0.9.7","type":"extension","updateURL":null,"optionsURL":null,"optionsType":null,"aboutURL":null,"defaultLocale":{"name":"Follow-on Search Telemetry","description":null,"creator":null,"homepageURL":null},"visible":true,"active":true,"userDisabled":false,"appDisabled":false,"installDate":1530705468857,"updateDate":1530705468857,"applyBackgroundUpdates":1,"bootstrap":true,"path":"C:\\Program Files\\Mozilla Firefox\\browser\\features\\followonsearch@mozilla.com.xpi","skinnable":false,"size":17903,"sourceURI":null,"releaseNotesURI":null,"softDisabled":false,"foreignInstall":false,"strictCompatibility":false,"locales":[],"targetApplications":[{"id":"{ec8030f7-c20a-464f-9b0e-13a3a9e97384}","minVersion":"52.0","maxVersion":"66.*"}],"targetPlatforms":[],"seen":true,"dependencies":[],"hasEmbeddedWebExtension":false,"userPermissions":null,"icons":{},"iconURL":null,"icon64URL":null,"blocklistState":0,"blocklistURL":null,"startupData":null}
1534985025780	addons.xpi	DEBUG	Updating XPIState for {"id":"formautofill@mozilla.org","syncGUID":"{fc62eff6-864f-46b5-bb56-9fbde9b05e8f}","location":"app-system-defaults","version":"1.0","type":"extension","updateURL":null,"optionsURL":null,"optionsType":null,"aboutURL":null,"defaultLocale":{"name":"Form Autofill","description":"Autofill forms with saved profiles","creator":null,"homepageURL":null},"visible":true,"active":true,"userDisabled":false,"appDisabled":false,"installDate":1530705468862,"updateDate":1530705468862,"applyBackgroundUpdates":1,"bootstrap":true,"path":"C:\\Program Files\\Mozilla Firefox\\browser\\features\\formautofill@mozilla.org.xpi","skinnable":false,"size":465038,"sourceURI":null,"releaseNotesURI":null,"softDisabled":false,"foreignInstall":false,"strictCompatibility":false,"locales":[],"targetApplications":[{"id":"{ec8030f7-c20a-464f-9b0e-13a3a9e97384}","minVersion":"61.0.1","maxVersion":"61.*"}],"targetPlatforms":[],"seen":true,"dependencies":[],"hasEmbeddedWebExtension":false,"userPermissions":null,"icons":{},"iconURL":null,"icon64URL":null,"blocklistState":0,"blocklistURL":null,"startupData":null}
1534985025781	addons.xpi	DEBUG	Updating XPIState for {"id":"onboarding@mozilla.org","syncGUID":"{6ecce3f1-0c53-472a-87dc-dfc6800ef7c0}","location":"app-system-defaults","version":"1.0","type":"extension","updateURL":null,"optionsURL":null,"optionsType":null,"aboutURL":null,"defaultLocale":{"name":"Photon onboarding","description":"Photon onboarding","creator":null,"homepageURL":null},"visible":true,"active":true,"userDisabled":false,"appDisabled":false,"installDate":1530705468866,"updateDate":1530705468866,"applyBackgroundUpdates":1,"bootstrap":true,"path":"C:\\Program Files\\Mozilla Firefox\\browser\\features\\onboarding@mozilla.org.xpi","skinnable":false,"size":564185,"sourceURI":null,"releaseNotesURI":null,"softDisabled":false,"foreignInstall":false,"strictCompatibility":false,"locales":[],"targetApplications":[{"id":"{ec8030f7-c20a-464f-9b0e-13a3a9e97384}","minVersion":"61.0.1","maxVersion":"61.*"}],"targetPlatforms":[],"seen":true,"dependencies":[],"hasEmbeddedWebExtension":false,"userPermissions":null,"icons":{},"iconURL":null,"icon64URL":null,"blocklistState":0,"blocklistURL":null,"startupData":null}
1534985025781	addons.xpi	DEBUG	Updating XPIState for {"id":"screenshots@mozilla.org","syncGUID":"{7c59994a-3ed4-4f9a-acb3-b9fd60ff1fa9}","location":"app-system-defaults","version":"32.1.0","type":"extension","updateURL":null,"optionsURL":null,"optionsType":null,"aboutURL":null,"defaultLocale":{"name":"Firefox Screenshots","description":null,"creator":null,"homepageURL":"https://screenshots.firefox.com/"},"visible":true,"active":true,"userDisabled":false,"appDisabled":false,"installDate":1530705468873,"updateDate":1530705468873,"applyBackgroundUpdates":1,"bootstrap":true,"path":"C:\\Program Files\\Mozilla Firefox\\browser\\features\\screenshots@mozilla.org.xpi","skinnable":false,"size":1002421,"sourceURI":null,"releaseNotesURI":null,"softDisabled":false,"foreignInstall":false,"strictCompatibility":false,"locales":[],"targetApplications":[{"id":"{ec8030f7-c20a-464f-9b0e-13a3a9e97384}","minVersion":"57.0a1","maxVersion":"*"}],"targetPlatforms":[],"seen":true,"dependencies":[],"hasEmbeddedWebExtension":false,"userPermissions":null,"icons":{},"iconURL":null,"icon64URL":null,"blocklistState":0,"blocklistURL":null,"startupData":null}
1534985025781	addons.xpi	DEBUG	Updating XPIState for {"id":"webcompat-reporter@mozilla.org","syncGUID":"{24597607-7e0e-4553-9ed2-d596f767e19d}","location":"app-system-defaults","version":"1.0.0","type":"extension","updateURL":null,"optionsURL":null,"optionsType":null,"aboutURL":null,"defaultLocale":{"name":"WebCompat Reporter","description":"Report site compatibility issues on webcompat.com.","creator":null,"homepageURL":null},"visible":true,"active":true,"userDisabled":false,"appDisabled":false,"installDate":1530705468873,"updateDate":1530705468873,"applyBackgroundUpdates":1,"bootstrap":true,"path":"C:\\Program Files\\Mozilla Firefox\\browser\\features\\webcompat-reporter@mozilla.org.xpi","skinnable":false,"size":12706,"sourceURI":null,"releaseNotesURI":null,"softDisabled":false,"foreignInstall":false,"strictCompatibility":false,"locales":[],"targetApplications":[{"id":"{ec8030f7-c20a-464f-9b0e-13a3a9e97384}","minVersion":"61.0.1","maxVersion":"61.*"}],"targetPlatforms":[],"seen":true,"dependencies":[],"hasEmbeddedWebExtension":false,"userPermissions":null,"icons":{},"iconURL":null,"icon64URL":null,"blocklistState":0,"blocklistURL":null,"startupData":null}
1534985025781	addons.xpi	DEBUG	Updating XPIState for {"id":"webcompat@mozilla.org","syncGUID":"{dceb9c0b-0f9d-4587-9986-e58c2829ffee}","location":"app-system-defaults","version":"2.0","type":"extension","updateURL":null,"optionsURL":null,"optionsType":null,"aboutURL":null,"defaultLocale":{"name":"Web Compat","description":"Urgent post-release fixes for web compatibility.","creator":null,"homepageURL":null},"visible":true,"active":true,"userDisabled":false,"appDisabled":false,"installDate":1530705468874,"updateDate":1530705468874,"applyBackgroundUpdates":1,"bootstrap":true,"path":"C:\\Program Files\\Mozilla Firefox\\browser\\features\\webcompat@mozilla.org.xpi","skinnable":false,"size":13138,"sourceURI":null,"releaseNotesURI":null,"softDisabled":false,"foreignInstall":false,"strictCompatibility":false,"locales":[],"targetApplications":[{"id":"{ec8030f7-c20a-464f-9b0e-13a3a9e97384}","minVersion":"61.0.1","maxVersion":"61.*"},{"id":"{aa3c5121-dab2-40e2-81ca-7ea25febc110}","minVersion":"61.0.1","maxVersion":"61.*"}],"targetPlatforms":[],"seen":true,"dependencies":[],"hasEmbeddedWebExtension":true,"userPermissions":null,"icons":{},"iconURL":null,"icon64URL":null,"blocklistState":0,"blocklistURL":null,"startupData":null}
1534985025781	addons.xpi	DEBUG	Updating database with changes to installed add-ons
1534985025781	addons.xpi-utils	DEBUG	Updating add-on states
1534985025785	addons.xpi	DEBUG	Registering manifest for C:\Program Files\Mozilla Firefox\browser\features\activity-stream@mozilla.org.xpi
1534985025786	addons.xpi	DEBUG	Calling bootstrap method startup on activity-stream@mozilla.org version 2018.06.29.1026-fa231556
1534985025786	addons.xpi	DEBUG	Registering manifest for C:\Program Files\Mozilla Firefox\browser\features\aushelper@mozilla.org.xpi
1534985025787	addons.xpi	DEBUG	Calling bootstrap method startup on aushelper@mozilla.org version 2.0
1534985025787	addons.xpi	DEBUG	Registering manifest for C:\Program Files\Mozilla Firefox\browser\features\firefox@getpocket.com.xpi
1534985025788	addons.xpi	DEBUG	Calling bootstrap method startup on firefox@getpocket.com version 1.0.5
1534985025795	addons.xpi	DEBUG	Registering manifest for C:\Program Files\Mozilla Firefox\browser\features\followonsearch@mozilla.com.xpi
1534985025796	addons.xpi	DEBUG	Calling bootstrap method startup on followonsearch@mozilla.com version 0.9.7
1534985025796	addons.xpi	DEBUG	Registering manifest for C:\Program Files\Mozilla Firefox\browser\features\formautofill@mozilla.org.xpi
1534985025797	addons.xpi	DEBUG	Calling bootstrap method startup on formautofill@mozilla.org version 1.0
1534985025797	addons.xpi	DEBUG	Registering manifest for C:\Program Files\Mozilla Firefox\browser\features\onboarding@mozilla.org.xpi
1534985025797	addons.xpi	DEBUG	Calling bootstrap method startup on onboarding@mozilla.org version 1.0
1534985025798	addons.xpi	DEBUG	Registering manifest for C:\Program Files\Mozilla Firefox\browser\features\screenshots@mozilla.org.xpi
1534985025798	addons.xpi	DEBUG	Calling bootstrap method startup on screenshots@mozilla.org version 32.1.0
1534985025798	addons.xpi	DEBUG	Registering manifest for C:\Program Files\Mozilla Firefox\browser\features\webcompat-reporter@mozilla.org.xpi
1534985025799	addons.xpi	DEBUG	Calling bootstrap method startup on webcompat-reporter@mozilla.org version 1.0.0
1534985025799	addons.xpi	DEBUG	Registering manifest for C:\Program Files\Mozilla Firefox\browser\features\webcompat@mozilla.org.xpi
1534985025801	addons.xpi	DEBUG	Calling bootstrap method startup on webcompat@mozilla.org version 2.0
1534985025803	addons.manager	DEBUG	Registering shutdown blocker for XPIProvider
1534985025803	addons.manager	DEBUG	Provider finished startup: XPIProvider
1534985025803	addons.manager	DEBUG	Starting provider: LightweightThemeManager
1534985025803	addons.manager	DEBUG	Registering shutdown blocker for LightweightThemeManager
1534985025803	addons.manager	DEBUG	Provider finished startup: LightweightThemeManager
1534985025804	addons.manager	DEBUG	Starting provider: GMPProvider
1534985025806	addons.manager	DEBUG	Registering shutdown blocker for GMPProvider
1534985025806	addons.manager	DEBUG	Provider finished startup: GMPProvider
1534985025806	addons.manager	DEBUG	Starting provider: PluginProvider
1534985025806	addons.manager	DEBUG	Registering shutdown blocker for PluginProvider
1534985025806	addons.manager	DEBUG	Provider finished startup: PluginProvider
1534985025808	addons.manager	DEBUG	Completed startup sequence
Unable to read VR Path Registry from C:\Users\11\AppData\Local\openvr\openvrpaths.vrpath
Unable to read VR Path Registry from C:\Users\11\AppData\Local\openvr\openvrpaths.vrpath
Unable to read VR Path Registry from C:\Users\11\AppData\Local\openvr\openvrpaths.vrpath
1534985026465	addons.repository	DEBUG	No addons.json found.
Unable to read VR Path Registry from C:\Users\11\AppData\Local\openvr\openvrpaths.vrpath
Unable to read VR Path Registry from C:\Users\11\AppData\Local\openvr\openvrpaths.vrpath
1534985027207	addons.xpi	DEBUG	Existing add-on activity-stream@mozilla.org in app-system-defaults
1534985027207	addons.xpi	DEBUG	Existing add-on aushelper@mozilla.org in app-system-defaults
1534985027207	addons.xpi	DEBUG	Existing add-on firefox@getpocket.com in app-system-defaults
1534985027207	addons.xpi	DEBUG	Existing add-on followonsearch@mozilla.com in app-system-defaults
1534985027208	addons.xpi	DEBUG	Existing add-on formautofill@mozilla.org in app-system-defaults
1534985027208	addons.xpi	DEBUG	Existing add-on onboarding@mozilla.org in app-system-defaults
1534985027208	addons.xpi	DEBUG	Existing add-on screenshots@mozilla.org in app-system-defaults
1534985027209	addons.xpi	DEBUG	Existing add-on webcompat-reporter@mozilla.org in app-system-defaults
1534985027209	addons.xpi	DEBUG	Existing add-on webcompat@mozilla.org in app-system-defaults
1534985027209	addons.xpi	DEBUG	getInstallState changed: false, state: {}
1534985027322	Marionette	INFO	Listening on port 61666
1534985027424	Marionette	WARN	TLS certificate errors will be ignored for this session
1534985069235	addons.xpi	DEBUG	Calling bootstrap method shutdown on webcompat@mozilla.org version 2.0
1534985069236	addons.xpi	DEBUG	Calling bootstrap method shutdown on webcompat-reporter@mozilla.org version 1.0.0
1534985069237	addons.xpi	DEBUG	Calling bootstrap method shutdown on screenshots@mozilla.org version 32.1.0
1534985069240	addons.xpi	DEBUG	Calling bootstrap method shutdown on onboarding@mozilla.org version 1.0
1534985069241	addons.xpi	DEBUG	Calling bootstrap method shutdown on formautofill@mozilla.org version 1.0
1534985069242	addons.xpi	DEBUG	Calling bootstrap method shutdown on followonsearch@mozilla.com version 0.9.7
1534985069243	addons.xpi	DEBUG	Calling bootstrap method shutdown on firefox@getpocket.com version 1.0.5
1534985069243	addons.xpi	DEBUG	Calling bootstrap method shutdown on aushelper@mozilla.org version 2.0
1534985069244	addons.xpi	DEBUG	Calling bootstrap method shutdown on activity-stream@mozilla.org version 2018.06.29.1026-fa231556
[Child 13044, Chrome_ChildThread] WARNING: pipe error: 109: file z:/build/build/src/ipc/chromium/src/chrome/common/ipc_channel_win.cc, line 346
[Child 13044, Chrome_ChildThread] WAR[Child 15624, Chrome_ChildThread] WARNING: pipe error: 109: file z:/build/build/src/ipc/chromium/src/chrome/common/ipc_channel_win.cc, line 346
[Child 15624, Chrome_C[Parent 18916, Gecko_IOThread] WARNING: pipe error: 109: file z:/build/build/src/ipc/chromium/src/chrome/common/ipc_channel_win.cc, line 346
[Child 24640, Chrome_ChildThread] WARNING: pipe error: 109: file z:/build/build/src/ipc/chromium/src/chrome/common/ipc_channel_win.cc, line 346
[Child 24640, Chrome_ChildThread] WARNING: pipe error: 101534985069348	addons.manager	DEBUG	shutdown
1534985069349	addons.manager	DEBUG	Calling shutdown blocker for XPIProvider
1534985069349	addons.xpi	DEBUG	shutdown
1534985069349	addons.xpi-utils	DEBUG	shutdown
1534985069349	addons.manager	DEBUG	Calling shutdown blocker for LightweightThemeManager
1534985069349	addons.manager	DEBUG	Calling shutdown blocker for GMPProvider
1534985069349	addons.manager	DEBUG	Calling shutdown blocker for PluginProvider
1534985069351	addons.manager	DEBUG	Async provider shutdown done
*** UTM:SVC TimerManager:registerTimer called after profile-before-change notification. Ignoring timer registration for id: telemetry_modules_ping
[GPU 3844, Chrome_ChildThread] WARNIN
###!!! [Child][MessageChannel::SendAndWait] Error: Channel error: cannot send/recv

